<?xml version="1.0" encoding="UTF-8"?>
<!-- Generated by org.testng.reporters.JUnitXMLReporter -->
<testsuite ignored="0" hostname="MT-5CD127785H" failures="1" tests="3" name="Test" time="24.593" errors="0" timestamp="2021-11-08T15:03:16 IST">
  <testcase classname="mindtree.PracticeFrameworkHybrid.login.loginTest" name="login" time="0.526"/>
  <testcase classname="mindtree.PracticeFrameworkHybrid.login.loginTest" name="login" time="0.595"/>
  <testcase classname="mindtree.PracticeFrameworkHybrid.Homepage.HomepageTest" name="validateHomepage" time="0.333">
    <failure type="java.lang.AssertionError" message="expected [abcd] but found [HOT DEALS]">
      <![CDATA[java.lang.AssertionError: expected [abcd] but found [HOT DEALS]
at mindtree.PracticeFrameworkHybrid.Homepage.HomepageTest.validateHomepage(HomepageTest.java:42)
at java.base/java.util.ArrayList.forEach(ArrayList.java:1541)
... Removed 34 stack frames]]>
    </failure>
  </testcase> <!-- validateHomepage -->
</testsuite> <!-- Test -->
